Using pre-set license
Built from '2020.3/staging' branch; Version is '2020.3.11f1 (99c7afb366b3) revision 10078127'; Using compiler version '192528614'; Build Type 'Release'
OS: 'Windows 10 Pro; OS build 19042.1083; Version 2009; 64bit' Language: 'hu' Physical Memory: 16330 MB
BatchMode: 1, IsHumanControllingUs: 0, StartBugReporterOnCrash: 0, Is64bit: 1, IsPro: 0

 COMMAND LINE ARGUMENTS:
C:\Program Files\Unity\Hub\Editor\2020.3.11f1\Editor\Unity.exe
-adb2
-batchMode
-noUpm
-name
AssetImportWorker0
-projectPath
C:/Users/santa/dev/GenerationChange
-logFile
Logs/AssetImportWorker0.log
-srvPort
60557
Successfully changed project path to: C:/Users/santa/dev/GenerationChange
C:/Users/santa/dev/GenerationChange
Using Asset Import Pipeline V2.
Refreshing native plugins compatible for Editor in 29.92 ms, found 2 plugins.
Preloading 0 native plugins for Editor in 0.00 ms.
Initialize engine version: 2020.3.11f1 (99c7afb366b3)
[Subsystems] Discovering subsystems at path C:/Program Files/Unity/Hub/Editor/2020.3.11f1/Editor/Data/Resources/UnitySubsystems
[Subsystems] Discovering subsystems at path C:/Users/santa/dev/GenerationChange/Assets
GfxDevice: creating device client; threaded=0
Direct3D:
    Version:  Direct3D 11.0 [level 11.1]
    Renderer: Radeon(TM) RX 460 Graphics (ID=0x67ef)
    Vendor:   
    VRAM:     2027 MB
    Driver:   27.20.1034.6
Initialize mono
Mono path[0] = 'C:/Program Files/Unity/Hub/Editor/2020.3.11f1/Editor/Data/Managed'
Mono path[1] = 'C:/Program Files/Unity/Hub/Editor/2020.3.11f1/Editor/Data/MonoBleedingEdge/lib/mono/unityjit'
Mono config path = 'C:/Program Files/Unity/Hub/Editor/2020.3.11f1/Editor/Data/MonoBleedingEdge/etc'
Using monoOptions --debugger-agent=transport=dt_socket,embedding=1,server=y,suspend=n,address=127.0.0.1:56824
Begin MonoManager ReloadAssembly
Registering precompiled unity dll's ...
Register platform support module: C:/Program Files/Unity/Hub/Editor/2020.3.11f1/Editor/Data/PlaybackEngines/WindowsStandaloneSupport/UnityEditor.WindowsStandalone.Extensions.dll
Registered in 0.002378 seconds.
Native extension for WindowsStandalone target not found
Refreshing native plugins compatible for Editor in 30.21 ms, found 2 plugins.
Preloading 0 native plugins for Editor in 0.00 ms.
Mono: successfully reloaded assembly
- Completed reload, in  1.340 seconds
Platform modules already initialized, skipping
Registering precompiled user dll's ...
Registered in 0.004702 seconds.
Begin MonoManager ReloadAssembly
Native extension for WindowsStandalone target not found
Refreshing native plugins compatible for Editor in 0.29 ms, found 2 plugins.
Preloading 0 native plugins for Editor in 0.00 ms.
Mono: successfully reloaded assembly
- Completed reload, in  1.144 seconds
Platform modules already initialized, skipping
========================================================================
Worker process is ready to serve import requests
Launched and connected shader compiler UnityShaderCompiler.exe after 0.06 seconds
Refreshing native plugins compatible for Editor in 0.28 ms, found 2 plugins.
Preloading 0 native plugins for Editor in 0.00 ms.
Unloading 1390 Unused Serialized files (Serialized files now loaded: 0)
System memory in use before: 64.9 MB.
System memory in use after: 64.9 MB.

Unloading 19 unused Assets to reduce memory usage. Loaded Objects now: 1823.
Total: 2.081800 ms (FindLiveObjects: 0.138400 ms CreateObjectMapping: 0.043800 ms MarkObjects: 1.784300 ms  DeleteObjects: 0.114200 ms)

========================================================================
Received Import Request.
  path: Assets/Models
  artifactKey: Guid(96a28e0b354564446b8f95d3394b05e4) Importer(815301076,1909f56bfc062723c751e8b465ee728b)
Start importing Assets/Models using Guid(96a28e0b354564446b8f95d3394b05e4) Importer(815301076,1909f56bfc062723c751e8b465ee728b)  -> (artifact id: '2398fbc7ce8fe99aad464e88ba5d7c2d') in 0.009871 seconds
  Import took 0.012055 seconds .

========================================================================
Received Import Request.
  Time since last request: 0.000331 seconds.
  path: Assets/cameraDrone/cameraDrone_metalSmooth.png
  artifactKey: Guid(17dc8d610aa1e25479f40a569cc32ca8) Importer(815301076,1909f56bfc062723c751e8b465ee728b)
Start importing Assets/cameraDrone/cameraDrone_metalSmooth.png using Guid(17dc8d610aa1e25479f40a569cc32ca8) Importer(815301076,1909f56bfc062723c751e8b465ee728b)  -> (artifact id: '24fe852ee2d56e18547d6eba17fdf838') in 0.127569 seconds
  Import took 0.129936 seconds .

========================================================================
Received Import Request.
  Time since last request: 0.000243 seconds.
  path: Assets/cameraDrone/cameraDrone.FBX
  artifactKey: Guid(d638805017d1eef4cb6a5d8e0d07d740) Importer(815301076,1909f56bfc062723c751e8b465ee728b)
Start importing Assets/cameraDrone/cameraDrone.FBX using Guid(d638805017d1eef4cb6a5d8e0d07d740) Importer(815301076,1909f56bfc062723c751e8b465ee728b)  -> (artifact id: '38e7da5000bf9549bfcbd9ac93721eed') in 0.379062 seconds
  Import took 0.381720 seconds .

========================================================================
Received Import Request.
  Time since last request: 0.000203 seconds.
  path: Assets/cameraDrone/cameraDrone_normal.png
  artifactKey: Guid(03326d065233ff94db0ffa374d646db9) Importer(815301076,1909f56bfc062723c751e8b465ee728b)
Start importing Assets/cameraDrone/cameraDrone_normal.png using Guid(03326d065233ff94db0ffa374d646db9) Importer(815301076,1909f56bfc062723c751e8b465ee728b)  -> (artifact id: '3cadcb4fc37ef46e5b6861f85353d2e2') in 0.020999 seconds
  Import took 0.023735 seconds .

========================================================================
Received Import Request.
  Time since last request: 0.000188 seconds.
  path: Assets/cameraDrone/cameraDrone_mtl.mat
  artifactKey: Guid(d3167646cea8c874a8a86acfb8d089d5) Importer(815301076,1909f56bfc062723c751e8b465ee728b)
Start importing Assets/cameraDrone/cameraDrone_mtl.mat using Guid(d3167646cea8c874a8a86acfb8d089d5) Importer(815301076,1909f56bfc062723c751e8b465ee728b)  -> (artifact id: '526eed74e4540014740f74fd663ab04a') in 0.075770 seconds
  Import took 0.078859 seconds .

========================================================================
Received Import Request.
  Time since last request: 0.000301 seconds.
  path: Assets/cameraDrone/cameraDrone_albedo.png
  artifactKey: Guid(6ab4584443e3c19439272bb2fedffa82) Importer(815301076,1909f56bfc062723c751e8b465ee728b)
Start importing Assets/cameraDrone/cameraDrone_albedo.png using Guid(6ab4584443e3c19439272bb2fedffa82) Importer(815301076,1909f56bfc062723c751e8b465ee728b)  -> (artifact id: '6ac2fb6f00dfe53b2d9e338ba94899ab') in 0.015421 seconds
  Import took 0.017761 seconds .

========================================================================
Received Import Request.
  Time since last request: 474.843905 seconds.
  path: Assets/Models/bike
  artifactKey: Guid(68b56afee02c8a1458647943f64220f8) Importer(815301076,1909f56bfc062723c751e8b465ee728b)
Start importing Assets/Models/bike using Guid(68b56afee02c8a1458647943f64220f8) Importer(815301076,1909f56bfc062723c751e8b465ee728b)  -> (artifact id: 'aa631c589b583b67374bc27633bcc190') in 0.010021 seconds
  Import took 0.013189 seconds .

========================================================================
Received Import Request.
  Time since last request: 25.915218 seconds.
  path: Assets/Models/bike/bike3_1.fbx
  artifactKey: Guid(3c068a54615e6cf4d8923c6886bb213e) Importer(815301076,1909f56bfc062723c751e8b465ee728b)
Start importing Assets/Models/bike/bike3_1.fbx using Guid(3c068a54615e6cf4d8923c6886bb213e) Importer(815301076,1909f56bfc062723c751e8b465ee728b)  -> (artifact id: '7a5223dc71b3764921c6f7eff76570f1') in 0.053413 seconds
  Import took 0.056481 seconds .

========================================================================
Received Import Request.
  Time since last request: 97.573228 seconds.
  path: Assets/Models/bike/bike3_1.fbx
  artifactKey: Guid(3c068a54615e6cf4d8923c6886bb213e) Importer(815301076,1909f56bfc062723c751e8b465ee728b)
Start importing Assets/Models/bike/bike3_1.fbx using Guid(3c068a54615e6cf4d8923c6886bb213e) Importer(815301076,1909f56bfc062723c751e8b465ee728b)  -> (artifact id: '4e533d7780aa742db6dc34d7a64e3a71') in 0.044489 seconds
  Import took 0.047838 seconds .

========================================================================
Received Prepare
Registering precompiled user dll's ...
Registered in 0.109793 seconds.
Begin MonoManager ReloadAssembly
Native extension for WindowsStandalone target not found
Refreshing native plugins compatible for Editor in 0.32 ms, found 2 plugins.
Preloading 0 native plugins for Editor in 0.00 ms.
Mono: successfully reloaded assembly
- Completed reload, in  1.262 seconds
Platform modules already initialized, skipping
Refreshing native plugins compatible for Editor in 0.30 ms, found 2 plugins.
Preloading 0 native plugins for Editor in 0.00 ms.
Unloading 1385 Unused Serialized files (Serialized files now loaded: 0)
System memory in use before: 68.3 MB.
System memory in use after: 68.4 MB.

Unloading 14 unused Assets to reduce memory usage. Loaded Objects now: 1872.
Total: 1.882900 ms (FindLiveObjects: 0.145400 ms CreateObjectMapping: 0.050200 ms MarkObjects: 1.606100 ms  DeleteObjects: 0.080100 ms)

========================================================================
Received Prepare
Registering precompiled user dll's ...
Registered in 0.004562 seconds.
Begin MonoManager ReloadAssembly
Native extension for WindowsStandalone target not found
Refreshing native plugins compatible for Editor in 0.29 ms, found 2 plugins.
Preloading 0 native plugins for Editor in 0.00 ms.
Mono: successfully reloaded assembly
- Completed reload, in  1.038 seconds
Platform modules already initialized, skipping
Refreshing native plugins compatible for Editor in 0.28 ms, found 2 plugins.
Preloading 0 native plugins for Editor in 0.00 ms.
Unloading 1385 Unused Serialized files (Serialized files now loaded: 0)
System memory in use before: 68.4 MB.
System memory in use after: 68.4 MB.

Unloading 14 unused Assets to reduce memory usage. Loaded Objects now: 1875.
Total: 2.184800 ms (FindLiveObjects: 0.167200 ms CreateObjectMapping: 0.045600 ms MarkObjects: 1.888400 ms  DeleteObjects: 0.082800 ms)

========================================================================
Received Import Request.
  Time since last request: 1358.065053 seconds.
  path: Assets/Models/drone
  artifactKey: Guid(13d0940dc843c124ca1af3101232a2c9) Importer(815301076,1909f56bfc062723c751e8b465ee728b)
Start importing Assets/Models/drone using Guid(13d0940dc843c124ca1af3101232a2c9) Importer(815301076,1909f56bfc062723c751e8b465ee728b)  -> (artifact id: '60e0634972c5afcaa826ce2ac528f2c2') in 0.010011 seconds
  Import took 0.012801 seconds .

========================================================================
Received Import Request.
  Time since last request: 0.003044 seconds.
  path: Assets/Models/drone
  artifactKey: Guid(13d0940dc843c124ca1af3101232a2c9) Importer(815301076,1909f56bfc062723c751e8b465ee728b)
Start importing Assets/Models/drone using Guid(13d0940dc843c124ca1af3101232a2c9) Importer(815301076,1909f56bfc062723c751e8b465ee728b)  -> (artifact id: '60e0634972c5afcaa826ce2ac528f2c2') in 0.003586 seconds
  Import took 0.007068 seconds .

========================================================================
Received Import Request.
  Time since last request: 6.967485 seconds.
  path: Assets/Models/drone/drone.fbx
  artifactKey: Guid(e89109da152a03e4194ecb8ecd9bae59) Importer(815301076,1909f56bfc062723c751e8b465ee728b)
Start importing Assets/Models/drone/drone.fbx using Guid(e89109da152a03e4194ecb8ecd9bae59) Importer(815301076,1909f56bfc062723c751e8b465ee728b)  -> (artifact id: 'ea3d5f0f3e1292ec7e901256a83488c4') in 0.104955 seconds
  Import took 0.108669 seconds .

========================================================================
Received Import Request.
  Time since last request: 9.469982 seconds.
  path: Assets/Models/drone/cameraDrone_mtl_BaseMap.png
  artifactKey: Guid(817ce60a74943e74fb378ddafc72dbae) Importer(815301076,1909f56bfc062723c751e8b465ee728b)
Start importing Assets/Models/drone/cameraDrone_mtl_BaseMap.png using Guid(817ce60a74943e74fb378ddafc72dbae) Importer(815301076,1909f56bfc062723c751e8b465ee728b)  -> (artifact id: '251d1c4ca2a57ec222e8275bcc6f7ee1') in 0.033316 seconds
  Import took 0.036687 seconds .

========================================================================
Received Import Request.
  Time since last request: 0.000298 seconds.
  path: Assets/Models/drone/drone.fbx
  artifactKey: Guid(e89109da152a03e4194ecb8ecd9bae59) Importer(815301076,1909f56bfc062723c751e8b465ee728b)
Start importing Assets/Models/drone/drone.fbx using Guid(e89109da152a03e4194ecb8ecd9bae59) Importer(815301076,1909f56bfc062723c751e8b465ee728b)  -> (artifact id: '2ece04283ba87159163e50c83b3d1c9d') in 0.034511 seconds
  Import took 0.038070 seconds .

========================================================================
Received Prepare
Registering precompiled user dll's ...
Registered in 0.006091 seconds.
Begin MonoManager ReloadAssembly
Native extension for WindowsStandalone target not found
Refreshing native plugins compatible for Editor in 0.33 ms, found 2 plugins.
Preloading 0 native plugins for Editor in 0.00 ms.
Mono: successfully reloaded assembly
- Completed reload, in  1.295 seconds
Platform modules already initialized, skipping
Refreshing native plugins compatible for Editor in 0.37 ms, found 2 plugins.
Preloading 0 native plugins for Editor in 0.00 ms.
Unloading 1385 Unused Serialized files (Serialized files now loaded: 0)
System memory in use before: 68.4 MB.
System memory in use after: 68.5 MB.

Unloading 14 unused Assets to reduce memory usage. Loaded Objects now: 1879.
Total: 2.343700 ms (FindLiveObjects: 0.156500 ms CreateObjectMapping: 0.054300 ms MarkObjects: 2.072800 ms  DeleteObjects: 0.058600 ms)

========================================================================
Received Import Request.
  Time since last request: 416.203450 seconds.
  path: Assets/Models/drone/drone.fbx
  artifactKey: Guid(e89109da152a03e4194ecb8ecd9bae59) Importer(815301076,1909f56bfc062723c751e8b465ee728b)
Start importing Assets/Models/drone/drone.fbx using Guid(e89109da152a03e4194ecb8ecd9bae59) Importer(815301076,1909f56bfc062723c751e8b465ee728b)  -> (artifact id: '94e1d6efc0a77db34a25d5341a181ac5') in 0.096590 seconds
  Import took 0.100482 seconds .

========================================================================
Received Import Request.
  Time since last request: 5.512574 seconds.
  path: Assets/Models/drone/cameraDrone_mtl_BaseMap.png
  artifactKey: Guid(d5dcb2f4ece7bc74ca2b0adc93a093a0) Importer(815301076,1909f56bfc062723c751e8b465ee728b)
Start importing Assets/Models/drone/cameraDrone_mtl_BaseMap.png using Guid(d5dcb2f4ece7bc74ca2b0adc93a093a0) Importer(815301076,1909f56bfc062723c751e8b465ee728b)  -> (artifact id: '322f55e5290fab8a95c879f63f000ec6') in 0.029904 seconds
  Import took 0.032743 seconds .

========================================================================
Received Import Request.
  Time since last request: 0.000185 seconds.
  path: Assets/Models/drone/drone.fbx
  artifactKey: Guid(e89109da152a03e4194ecb8ecd9bae59) Importer(815301076,1909f56bfc062723c751e8b465ee728b)
Start importing Assets/Models/drone/drone.fbx using Guid(e89109da152a03e4194ecb8ecd9bae59) Importer(815301076,1909f56bfc062723c751e8b465ee728b)  -> (artifact id: '16df950acb8886d92cbd4cc2bcb3d5ea') in 0.030239 seconds
  Import took 0.033066 seconds .

========================================================================
Received Import Request.
  Time since last request: 46.343831 seconds.
  path: Assets/Models/drone/tree1.fbx
  artifactKey: Guid(b4c60386cf857c342a054e39299c2430) Importer(815301076,1909f56bfc062723c751e8b465ee728b)
Start importing Assets/Models/drone/tree1.fbx using Guid(b4c60386cf857c342a054e39299c2430) Importer(815301076,1909f56bfc062723c751e8b465ee728b)  -> (artifact id: 'd6fd072f3dc8703ff257418e98871957') in 0.033722 seconds
  Import took 0.038668 seconds .

========================================================================
Received Prepare
Registering precompiled user dll's ...
Registered in 0.005235 seconds.
Begin MonoManager ReloadAssembly
Native extension for WindowsStandalone target not found
Refreshing native plugins compatible for Editor in 0.29 ms, found 2 plugins.
Preloading 0 native plugins for Editor in 0.00 ms.
Mono: successfully reloaded assembly
- Completed reload, in  1.032 seconds
Platform modules already initialized, skipping
Refreshing native plugins compatible for Editor in 0.31 ms, found 2 plugins.
Preloading 0 native plugins for Editor in 0.00 ms.
Unloading 1385 Unused Serialized files (Serialized files now loaded: 0)
System memory in use before: 68.4 MB.
System memory in use after: 68.5 MB.

Unloading 14 unused Assets to reduce memory usage. Loaded Objects now: 1883.
Total: 2.126500 ms (FindLiveObjects: 0.136000 ms CreateObjectMapping: 0.041100 ms MarkObjects: 1.849600 ms  DeleteObjects: 0.098900 ms)

========================================================================
Received Import Request.
  Time since last request: 176.754941 seconds.
  path: Assets/Models/bike/bike3_1.fbx
  artifactKey: Guid(3c068a54615e6cf4d8923c6886bb213e) Importer(815301076,1909f56bfc062723c751e8b465ee728b)
Start importing Assets/Models/bike/bike3_1.fbx using Guid(3c068a54615e6cf4d8923c6886bb213e) Importer(815301076,1909f56bfc062723c751e8b465ee728b)  -> (artifact id: '76576fc5118b91c88f08a407a0b62662') in 0.119736 seconds
  Import took 0.123013 seconds .

========================================================================
Received Import Request.
  Time since last request: 8.571033 seconds.
  path: Assets/Models/bike/bike3_1.fbx
  artifactKey: Guid(3c068a54615e6cf4d8923c6886bb213e) Importer(815301076,1909f56bfc062723c751e8b465ee728b)
Start importing Assets/Models/bike/bike3_1.fbx using Guid(3c068a54615e6cf4d8923c6886bb213e) Importer(815301076,1909f56bfc062723c751e8b465ee728b)  -> (artifact id: 'c498358539d7f17963233efd84085671') in 0.047342 seconds
  Import took 0.050331 seconds .

========================================================================
Received Import Request.
  Time since last request: 0.000229 seconds.
  path: Assets/Models/bike/Motorcycle_Base_Color.PNG
  artifactKey: Guid(9fca4e2c488509046892ab2925c2edfc) Importer(815301076,1909f56bfc062723c751e8b465ee728b)
Start importing Assets/Models/bike/Motorcycle_Base_Color.PNG using Guid(9fca4e2c488509046892ab2925c2edfc) Importer(815301076,1909f56bfc062723c751e8b465ee728b)  -> (artifact id: 'd5fc4240476c036d07ad8c058620b494') in 0.030747 seconds
  Import took 0.033499 seconds .

========================================================================
Received Prepare
Registering precompiled user dll's ...
Registered in 0.004599 seconds.
Begin MonoManager ReloadAssembly
Native extension for WindowsStandalone target not found
Refreshing native plugins compatible for Editor in 0.29 ms, found 2 plugins.
Preloading 0 native plugins for Editor in 0.00 ms.
Mono: successfully reloaded assembly
- Completed reload, in  1.025 seconds
Platform modules already initialized, skipping
Refreshing native plugins compatible for Editor in 0.28 ms, found 2 plugins.
Preloading 0 native plugins for Editor in 0.00 ms.
Unloading 1385 Unused Serialized files (Serialized files now loaded: 0)
System memory in use before: 68.4 MB.
System memory in use after: 68.5 MB.

Unloading 14 unused Assets to reduce memory usage. Loaded Objects now: 1887.
Total: 1.887200 ms (FindLiveObjects: 0.153700 ms CreateObjectMapping: 0.042600 ms MarkObjects: 1.581800 ms  DeleteObjects: 0.108100 ms)

========================================================================
Received Import Request.
  Time since last request: 240.770746 seconds.
  path: Assets/Models/tree3
  artifactKey: Guid(d57bf719308f8544ca5a3e26fba63b91) Importer(815301076,1909f56bfc062723c751e8b465ee728b)
Start importing Assets/Models/tree3 using Guid(d57bf719308f8544ca5a3e26fba63b91) Importer(815301076,1909f56bfc062723c751e8b465ee728b)  -> (artifact id: '16da289018746093006ffb9954805b78') in 0.012461 seconds
  Import took 0.015808 seconds .

========================================================================
Received Import Request.
  Time since last request: 5.721104 seconds.
  path: Assets/Models/tree1 1.fbx
  artifactKey: Guid(5a5c3656de1196e47a6f74d036da81e6) Importer(815301076,1909f56bfc062723c751e8b465ee728b)
Start importing Assets/Models/tree1 1.fbx using Guid(5a5c3656de1196e47a6f74d036da81e6) Importer(815301076,1909f56bfc062723c751e8b465ee728b)  -> (artifact id: 'fbd47a1c30bc7c9da07b4e5273900f91') in 0.091188 seconds
  Import took 0.094213 seconds .

========================================================================
Received Import Request.
  Time since last request: 24.102320 seconds.
  path: Assets/Models/tree3_2.fbx
  artifactKey: Guid(fa5c3cd56850d7547b4ccbbce9d6d27d) Importer(815301076,1909f56bfc062723c751e8b465ee728b)
Start importing Assets/Models/tree3_2.fbx using Guid(fa5c3cd56850d7547b4ccbbce9d6d27d) Importer(815301076,1909f56bfc062723c751e8b465ee728b)  -> (artifact id: 'a9c9c4d5a1c29aba8cf15126daab90df') in 0.039402 seconds
  Import took 0.042840 seconds .

========================================================================
Received Import Request.
  Time since last request: 86.887968 seconds.
  path: Assets/Models/tree3_2.fbx
  artifactKey: Guid(fa5c3cd56850d7547b4ccbbce9d6d27d) Importer(815301076,1909f56bfc062723c751e8b465ee728b)
Start importing Assets/Models/tree3_2.fbx using Guid(fa5c3cd56850d7547b4ccbbce9d6d27d) Importer(815301076,1909f56bfc062723c751e8b465ee728b)  -> (artifact id: '3786576c61caec9a5edd7c256de0e6be') in 0.032374 seconds
  Import took 0.036016 seconds .

========================================================================
Received Import Request.
  Time since last request: 35.784111 seconds.
  path: Assets/Prefabs
  artifactKey: Guid(3549df436d701c844a8ee21b5d5ce09a) Importer(815301076,1909f56bfc062723c751e8b465ee728b)
Start importing Assets/Prefabs using Guid(3549df436d701c844a8ee21b5d5ce09a) Importer(815301076,1909f56bfc062723c751e8b465ee728b)  -> (artifact id: '33caa10690bafe8373d3f90320e5a16e') in 0.009532 seconds
  Import took 0.011902 seconds .

========================================================================
Received Prepare
Registering precompiled user dll's ...
Registered in 0.004494 seconds.
Begin MonoManager ReloadAssembly
Native extension for WindowsStandalone target not found
Refreshing native plugins compatible for Editor in 0.30 ms, found 2 plugins.
Preloading 0 native plugins for Editor in 0.00 ms.
Mono: successfully reloaded assembly
- Completed reload, in  1.156 seconds
Platform modules already initialized, skipping
Refreshing native plugins compatible for Editor in 0.38 ms, found 2 plugins.
Preloading 0 native plugins for Editor in 0.00 ms.
Unloading 1385 Unused Serialized files (Serialized files now loaded: 0)
System memory in use before: 68.5 MB.
System memory in use after: 68.5 MB.

Unloading 14 unused Assets to reduce memory usage. Loaded Objects now: 1891.
Total: 2.202500 ms (FindLiveObjects: 0.138800 ms CreateObjectMapping: 0.043800 ms MarkObjects: 1.931300 ms  DeleteObjects: 0.087600 ms)

========================================================================
Received Prepare
Registering precompiled user dll's ...
Registered in 0.004576 seconds.
Begin MonoManager ReloadAssembly
Native extension for WindowsStandalone target not found
Refreshing native plugins compatible for Editor in 0.29 ms, found 2 plugins.
Preloading 0 native plugins for Editor in 0.00 ms.
Mono: successfully reloaded assembly
- Completed reload, in  1.047 seconds
Platform modules already initialized, skipping
Refreshing native plugins compatible for Editor in 0.29 ms, found 2 plugins.
Preloading 0 native plugins for Editor in 0.00 ms.
Unloading 1385 Unused Serialized files (Serialized files now loaded: 0)
System memory in use before: 68.5 MB.
System memory in use after: 68.6 MB.

Unloading 14 unused Assets to reduce memory usage. Loaded Objects now: 1894.
Total: 2.264600 ms (FindLiveObjects: 0.205800 ms CreateObjectMapping: 0.059900 ms MarkObjects: 1.929200 ms  DeleteObjects: 0.068300 ms)

========================================================================
Received Prepare
Registering precompiled user dll's ...
Registered in 0.005445 seconds.
Begin MonoManager ReloadAssembly
Native extension for WindowsStandalone target not found
Refreshing native plugins compatible for Editor in 0.33 ms, found 2 plugins.
Preloading 0 native plugins for Editor in 0.00 ms.
Mono: successfully reloaded assembly
- Completed reload, in  1.120 seconds
Platform modules already initialized, skipping
Refreshing native plugins compatible for Editor in 0.29 ms, found 2 plugins.
Preloading 0 native plugins for Editor in 0.00 ms.
Unloading 1385 Unused Serialized files (Serialized files now loaded: 0)
System memory in use before: 68.5 MB.
System memory in use after: 68.6 MB.

Unloading 14 unused Assets to reduce memory usage. Loaded Objects now: 1897.
Total: 2.025100 ms (FindLiveObjects: 0.132700 ms CreateObjectMapping: 0.039400 ms MarkObjects: 1.727400 ms  DeleteObjects: 0.124600 ms)

========================================================================
Received Prepare
Registering precompiled user dll's ...
Registered in 0.015473 seconds.
Begin MonoManager ReloadAssembly
Native extension for WindowsStandalone target not found
Refreshing native plugins compatible for Editor in 0.31 ms, found 2 plugins.
Preloading 0 native plugins for Editor in 0.00 ms.
Mono: successfully reloaded assembly
- Completed reload, in  1.465 seconds
Platform modules already initialized, skipping
Refreshing native plugins compatible for Editor in 0.30 ms, found 2 plugins.
Preloading 0 native plugins for Editor in 0.00 ms.
Unloading 1386 Unused Serialized files (Serialized files now loaded: 0)
System memory in use before: 68.5 MB.
System memory in use after: 68.6 MB.

Unloading 14 unused Assets to reduce memory usage. Loaded Objects now: 1901.
Total: 2.060500 ms (FindLiveObjects: 0.154900 ms CreateObjectMapping: 0.052700 ms MarkObjects: 1.796000 ms  DeleteObjects: 0.055900 ms)

========================================================================
Received Import Request.
  Time since last request: 2716.195792 seconds.
  path: Assets/Scripts/ServiceProvider.cs
  artifactKey: Guid(f25bb176c7597854f8569b5f9b6b2cf6) Importer(815301076,1909f56bfc062723c751e8b465ee728b)
Start importing Assets/Scripts/ServiceProvider.cs using Guid(f25bb176c7597854f8569b5f9b6b2cf6) Importer(815301076,1909f56bfc062723c751e8b465ee728b)  -> (artifact id: 'a06d15237ae6bce7832e6f58ce3cc89c') in 0.025839 seconds
  Import took 0.028778 seconds .

========================================================================
Received Prepare
Registering precompiled user dll's ...
Registered in 0.004620 seconds.
Begin MonoManager ReloadAssembly
Native extension for WindowsStandalone target not found
Refreshing native plugins compatible for Editor in 0.30 ms, found 2 plugins.
Preloading 0 native plugins for Editor in 0.00 ms.
Mono: successfully reloaded assembly
- Completed reload, in  1.258 seconds
Platform modules already initialized, skipping
Refreshing native plugins compatible for Editor in 0.30 ms, found 2 plugins.
Preloading 0 native plugins for Editor in 0.00 ms.
Unloading 1386 Unused Serialized files (Serialized files now loaded: 0)
System memory in use before: 68.5 MB.
System memory in use after: 68.6 MB.

Unloading 14 unused Assets to reduce memory usage. Loaded Objects now: 1904.
Total: 2.043600 ms (FindLiveObjects: 0.150800 ms CreateObjectMapping: 0.050400 ms MarkObjects: 1.784100 ms  DeleteObjects: 0.057100 ms)

========================================================================
Received Prepare
Registering precompiled user dll's ...
Registered in 0.005745 seconds.
Begin MonoManager ReloadAssembly
Native extension for WindowsStandalone target not found
Refreshing native plugins compatible for Editor in 0.30 ms, found 2 plugins.
Preloading 0 native plugins for Editor in 0.00 ms.
Mono: successfully reloaded assembly
- Completed reload, in  1.057 seconds
Platform modules already initialized, skipping
Refreshing native plugins compatible for Editor in 0.48 ms, found 2 plugins.
Preloading 0 native plugins for Editor in 0.00 ms.
Unloading 1386 Unused Serialized files (Serialized files now loaded: 0)
System memory in use before: 68.5 MB.
System memory in use after: 68.6 MB.

Unloading 14 unused Assets to reduce memory usage. Loaded Objects now: 1907.
Total: 2.340600 ms (FindLiveObjects: 0.147900 ms CreateObjectMapping: 0.044700 ms MarkObjects: 2.008700 ms  DeleteObjects: 0.138200 ms)

========================================================================
Received Import Request.
  Time since last request: 365.890918 seconds.
  path: Assets/Scripts/ServiceProvider.cs
  artifactKey: Guid(f25bb176c7597854f8569b5f9b6b2cf6) Importer(815301076,1909f56bfc062723c751e8b465ee728b)
Start importing Assets/Scripts/ServiceProvider.cs using Guid(f25bb176c7597854f8569b5f9b6b2cf6) Importer(815301076,1909f56bfc062723c751e8b465ee728b)  -> (artifact id: 'd7f738d3e937abe98c7d6b8798f01c62') in 0.008941 seconds
  Import took 0.011785 seconds .

========================================================================
Received Import Request.
  Time since last request: 5.227978 seconds.
  path: Assets/Scripts/Services
  artifactKey: Guid(8ddb9029ecc27c749ba709bf6f8fbc26) Importer(815301076,1909f56bfc062723c751e8b465ee728b)
Start importing Assets/Scripts/Services using Guid(8ddb9029ecc27c749ba709bf6f8fbc26) Importer(815301076,1909f56bfc062723c751e8b465ee728b)  -> (artifact id: '5f0dd0484ce7e347594f0a583cd4c392') in 0.014009 seconds
  Import took 0.016894 seconds .

========================================================================
Received Import Request.
  Time since last request: 7.138776 seconds.
  path: Assets/Scripts/Services/CameraService.cs
  artifactKey: Guid(4beded3badf55b04d8c577e3f588650b) Importer(815301076,1909f56bfc062723c751e8b465ee728b)
Start importing Assets/Scripts/Services/CameraService.cs using Guid(4beded3badf55b04d8c577e3f588650b) Importer(815301076,1909f56bfc062723c751e8b465ee728b)  -> (artifact id: '9f29334ff33918287a67124b207b6563') in 0.026578 seconds
  Import took 0.030731 seconds .

========================================================================
Received Prepare
Registering precompiled user dll's ...
Registered in 0.005057 seconds.
Begin MonoManager ReloadAssembly
Native extension for WindowsStandalone target not found
Refreshing native plugins compatible for Editor in 0.30 ms, found 2 plugins.
Preloading 0 native plugins for Editor in 0.00 ms.
Mono: successfully reloaded assembly
- Completed reload, in  1.166 seconds
Platform modules already initialized, skipping
Refreshing native plugins compatible for Editor in 0.33 ms, found 2 plugins.
Preloading 0 native plugins for Editor in 0.00 ms.
Unloading 1387 Unused Serialized files (Serialized files now loaded: 0)
System memory in use before: 68.5 MB.
System memory in use after: 68.6 MB.

Unloading 14 unused Assets to reduce memory usage. Loaded Objects now: 1911.
Total: 2.137300 ms (FindLiveObjects: 0.152600 ms CreateObjectMapping: 0.049800 ms MarkObjects: 1.807100 ms  DeleteObjects: 0.126700 ms)

========================================================================
Received Import Request.
  Time since last request: 197.016691 seconds.
  path: Assets/Scripts/Services/CameraService.cs
  artifactKey: Guid(4beded3badf55b04d8c577e3f588650b) Importer(815301076,1909f56bfc062723c751e8b465ee728b)
Start importing Assets/Scripts/Services/CameraService.cs using Guid(4beded3badf55b04d8c577e3f588650b) Importer(815301076,1909f56bfc062723c751e8b465ee728b)  -> (artifact id: '75cef4e344937cdb905597f389259a35') in 0.026273 seconds
  Import took 0.031406 seconds .

========================================================================
Received Import Request.
  Time since last request: 51.916562 seconds.
  path: Assets/Scripts/SetupController.t.cs
  artifactKey: Guid(9536ed7e3f876244c958c5ba58b83584) Importer(815301076,1909f56bfc062723c751e8b465ee728b)
Start importing Assets/Scripts/SetupController.t.cs using Guid(9536ed7e3f876244c958c5ba58b83584) Importer(815301076,1909f56bfc062723c751e8b465ee728b)  -> (artifact id: '2de6eba26d8911b57d180523d144bea1') in 0.027288 seconds
  Import took 0.030133 seconds .

========================================================================
Received Import Request.
  Time since last request: 5.018984 seconds.
  path: Assets/Scripts/SetupController.cs
  artifactKey: Guid(9536ed7e3f876244c958c5ba58b83584) Importer(815301076,1909f56bfc062723c751e8b465ee728b)
Start importing Assets/Scripts/SetupController.cs using Guid(9536ed7e3f876244c958c5ba58b83584) Importer(815301076,1909f56bfc062723c751e8b465ee728b)  -> (artifact id: 'e2381a1eabae79e60eeaa567867e2974') in 0.022700 seconds
  Import took 0.025712 seconds .

========================================================================
Received Import Request.
  Time since last request: 17.504104 seconds.
  path: Assets/Scripts/SetupController.cs
  artifactKey: Guid(9536ed7e3f876244c958c5ba58b83584) Importer(815301076,1909f56bfc062723c751e8b465ee728b)
Start importing Assets/Scripts/SetupController.cs using Guid(9536ed7e3f876244c958c5ba58b83584) Importer(815301076,1909f56bfc062723c751e8b465ee728b)  -> (artifact id: '7afc54eb3ea1139bffb0cca735daecad') in 0.024236 seconds
  Import took 0.027156 seconds .

========================================================================
Received Import Request.
  Time since last request: 20.174071 seconds.
  path: Assets/Scripts/Setup.cs
  artifactKey: Guid(6b02d896f9c1b91408ea0a083628201c) Importer(815301076,1909f56bfc062723c751e8b465ee728b)
Start importing Assets/Scripts/Setup.cs using Guid(6b02d896f9c1b91408ea0a083628201c) Importer(815301076,1909f56bfc062723c751e8b465ee728b)  -> (artifact id: '2bf0968c16cc24335afc75938cdc83c2') in 0.026095 seconds
  Import took 0.031237 seconds .

========================================================================
Received Import Request.
  Time since last request: 32.854104 seconds.
  path: Assets/Scripts/SetupController.cs
  artifactKey: Guid(6b02d896f9c1b91408ea0a083628201c) Importer(815301076,1909f56bfc062723c751e8b465ee728b)
Start importing Assets/Scripts/SetupController.cs using Guid(6b02d896f9c1b91408ea0a083628201c) Importer(815301076,1909f56bfc062723c751e8b465ee728b)  -> (artifact id: 'c10a27056b8570ac07bccfb21bc2efa7') in 0.021311 seconds
  Import took 0.024382 seconds .

========================================================================
Received Import Request.
  Time since last request: 51.750189 seconds.
  path: Assets/Scripts/Setup.cs
  artifactKey: Guid(1cb30a5f078b31b44985178c8a765e36) Importer(815301076,1909f56bfc062723c751e8b465ee728b)
Start importing Assets/Scripts/Setup.cs using Guid(1cb30a5f078b31b44985178c8a765e36) Importer(815301076,1909f56bfc062723c751e8b465ee728b)  -> (artifact id: '4bb081201f6a0fac87fcb2a992a02afa') in 0.015888 seconds
  Import took 0.018652 seconds .

========================================================================
Received Import Request.
  Time since last request: 13.291231 seconds.
  path: Assets/Scripts/SetupController.cs
  artifactKey: Guid(1cb30a5f078b31b44985178c8a765e36) Importer(815301076,1909f56bfc062723c751e8b465ee728b)
Start importing Assets/Scripts/SetupController.cs using Guid(1cb30a5f078b31b44985178c8a765e36) Importer(815301076,1909f56bfc062723c751e8b465ee728b)  -> (artifact id: 'bbfde7dc05d32702b6071115eed431d5') in 0.020185 seconds
  Import took 0.024885 seconds .

========================================================================
Received Import Request.
  Time since last request: 236.693115 seconds.
  path: Assets/Scripts/SetupController.cs
  artifactKey: Guid(1cb30a5f078b31b44985178c8a765e36) Importer(815301076,1909f56bfc062723c751e8b465ee728b)
Start importing Assets/Scripts/SetupController.cs using Guid(1cb30a5f078b31b44985178c8a765e36) Importer(815301076,1909f56bfc062723c751e8b465ee728b)  -> (artifact id: '647ec55f4b5a6093e173a10788fb3222') in 0.011834 seconds
  Import took 0.019246 seconds .

========================================================================
Received Import Request.
  Time since last request: 0.000657 seconds.
  path: Assets/Scripts/SetupController.cs
  artifactKey: Guid(1cb30a5f078b31b44985178c8a765e36) Importer(815301076,1909f56bfc062723c751e8b465ee728b)
Start importing Assets/Scripts/SetupController.cs using Guid(1cb30a5f078b31b44985178c8a765e36) Importer(815301076,1909f56bfc062723c751e8b465ee728b)  -> (artifact id: '647ec55f4b5a6093e173a10788fb3222') in 0.011116 seconds
  Import took 0.015628 seconds .

========================================================================
Received Prepare
Registering precompiled user dll's ...
Registered in 0.005496 seconds.
Begin MonoManager ReloadAssembly
Native extension for WindowsStandalone target not found
Refreshing native plugins compatible for Editor in 0.30 ms, found 2 plugins.
Preloading 0 native plugins for Editor in 0.00 ms.
Mono: successfully reloaded assembly
- Completed reload, in  1.066 seconds
Platform modules already initialized, skipping
Refreshing native plugins compatible for Editor in 0.31 ms, found 2 plugins.
Preloading 0 native plugins for Editor in 0.00 ms.
Unloading 1388 Unused Serialized files (Serialized files now loaded: 0)
System memory in use before: 68.6 MB.
System memory in use after: 68.6 MB.

Unloading 14 unused Assets to reduce memory usage. Loaded Objects now: 1915.
Total: 2.206100 ms (FindLiveObjects: 0.341800 ms CreateObjectMapping: 0.065800 ms MarkObjects: 1.708700 ms  DeleteObjects: 0.088700 ms)

========================================================================
Received Import Request.
  Time since last request: 86.114756 seconds.
  path: Assets/Scripts/MainController.cs
  artifactKey: Guid(1cb30a5f078b31b44985178c8a765e36) Importer(815301076,1909f56bfc062723c751e8b465ee728b)
Start importing Assets/Scripts/MainController.cs using Guid(1cb30a5f078b31b44985178c8a765e36) Importer(815301076,1909f56bfc062723c751e8b465ee728b)  -> (artifact id: '49b71893536f21e119d62d270ae6ae7d') in 0.022419 seconds
  Import took 0.028593 seconds .

========================================================================
Received Prepare
Registering precompiled user dll's ...
Registered in 0.004907 seconds.
Begin MonoManager ReloadAssembly
Native extension for WindowsStandalone target not found
Refreshing native plugins compatible for Editor in 0.29 ms, found 2 plugins.
Preloading 0 native plugins for Editor in 0.00 ms.
Mono: successfully reloaded assembly
- Completed reload, in  1.097 seconds
Platform modules already initialized, skipping
Refreshing native plugins compatible for Editor in 0.31 ms, found 2 plugins.
Preloading 0 native plugins for Editor in 0.00 ms.
Unloading 1388 Unused Serialized files (Serialized files now loaded: 0)
System memory in use before: 68.6 MB.
System memory in use after: 68.7 MB.

Unloading 14 unused Assets to reduce memory usage. Loaded Objects now: 1918.
Total: 2.173200 ms (FindLiveObjects: 0.154800 ms CreateObjectMapping: 0.046000 ms MarkObjects: 1.913900 ms  DeleteObjects: 0.057500 ms)

========================================================================
Received Prepare
Registering precompiled user dll's ...
Registered in 0.005365 seconds.
Begin MonoManager ReloadAssembly
Native extension for WindowsStandalone target not found
Refreshing native plugins compatible for Editor in 0.30 ms, found 2 plugins.
Preloading 0 native plugins for Editor in 0.00 ms.
Mono: successfully reloaded assembly
- Completed reload, in  1.071 seconds
Platform modules already initialized, skipping
Refreshing native plugins compatible for Editor in 0.33 ms, found 2 plugins.
Preloading 0 native plugins for Editor in 0.00 ms.
Unloading 1388 Unused Serialized files (Serialized files now loaded: 0)
System memory in use before: 68.6 MB.
System memory in use after: 68.7 MB.

Unloading 14 unused Assets to reduce memory usage. Loaded Objects now: 1921.
Total: 2.571500 ms (FindLiveObjects: 0.141700 ms CreateObjectMapping: 0.042500 ms MarkObjects: 2.257800 ms  DeleteObjects: 0.128300 ms)

========================================================================
Received Import Request.
  Time since last request: 282.143824 seconds.
  path: Assets/Scripts/MainController.cs
  artifactKey: Guid(1cb30a5f078b31b44985178c8a765e36) Importer(815301076,1909f56bfc062723c751e8b465ee728b)
Start importing Assets/Scripts/MainController.cs using Guid(1cb30a5f078b31b44985178c8a765e36) Importer(815301076,1909f56bfc062723c751e8b465ee728b)  -> (artifact id: 'fff1af2ee92ec7c9e8b1b7d6e77a3e59') in 0.008516 seconds
  Import took 0.011163 seconds .

========================================================================
Received Prepare
Registering precompiled user dll's ...
Registered in 0.005510 seconds.
Begin MonoManager ReloadAssembly
Native extension for WindowsStandalone target not found
Refreshing native plugins compatible for Editor in 0.30 ms, found 2 plugins.
Preloading 0 native plugins for Editor in 0.00 ms.
Mono: successfully reloaded assembly
- Completed reload, in  1.110 seconds
Platform modules already initialized, skipping
Refreshing native plugins compatible for Editor in 0.29 ms, found 2 plugins.
Preloading 0 native plugins for Editor in 0.00 ms.
Unloading 1388 Unused Serialized files (Serialized files now loaded: 0)
System memory in use before: 68.6 MB.
System memory in use after: 68.7 MB.

Unloading 14 unused Assets to reduce memory usage. Loaded Objects now: 1924.
Total: 2.474500 ms (FindLiveObjects: 0.274700 ms CreateObjectMapping: 0.179600 ms MarkObjects: 1.914000 ms  DeleteObjects: 0.105200 ms)

========================================================================
Received Prepare
Registering precompiled user dll's ...
Registered in 0.004980 seconds.
Begin MonoManager ReloadAssembly
Native extension for WindowsStandalone target not found
Refreshing native plugins compatible for Editor in 0.30 ms, found 2 plugins.
Preloading 0 native plugins for Editor in 0.00 ms.
Mono: successfully reloaded assembly
- Completed reload, in  1.084 seconds
Platform modules already initialized, skipping
Refreshing native plugins compatible for Editor in 0.30 ms, found 2 plugins.
Preloading 0 native plugins for Editor in 0.00 ms.
Unloading 1388 Unused Serialized files (Serialized files now loaded: 0)
System memory in use before: 68.6 MB.
System memory in use after: 68.7 MB.

Unloading 14 unused Assets to reduce memory usage. Loaded Objects now: 1927.
Total: 2.113800 ms (FindLiveObjects: 0.145800 ms CreateObjectMapping: 0.043900 ms MarkObjects: 1.815400 ms  DeleteObjects: 0.107400 ms)

========================================================================
Received Prepare
Registering precompiled user dll's ...
Registered in 0.004773 seconds.
Begin MonoManager ReloadAssembly
Native extension for WindowsStandalone target not found
Refreshing native plugins compatible for Editor in 0.29 ms, found 2 plugins.
Preloading 0 native plugins for Editor in 0.00 ms.
Mono: successfully reloaded assembly
- Completed reload, in  1.041 seconds
Platform modules already initialized, skipping
Refreshing native plugins compatible for Editor in 0.36 ms, found 2 plugins.
Preloading 0 native plugins for Editor in 0.00 ms.
Unloading 1388 Unused Serialized files (Serialized files now loaded: 0)
System memory in use before: 68.6 MB.
System memory in use after: 68.7 MB.

Unloading 14 unused Assets to reduce memory usage. Loaded Objects now: 1930.
Total: 2.388600 ms (FindLiveObjects: 0.139500 ms CreateObjectMapping: 0.044400 ms MarkObjects: 2.104400 ms  DeleteObjects: 0.099300 ms)

========================================================================
Received Prepare
Registering precompiled user dll's ...
Registered in 0.007668 seconds.
Begin MonoManager ReloadAssembly
Native extension for WindowsStandalone target not found
Refreshing native plugins compatible for Editor in 0.32 ms, found 2 plugins.
Preloading 0 native plugins for Editor in 0.00 ms.
Mono: successfully reloaded assembly
- Completed reload, in  1.324 seconds
Platform modules already initialized, skipping
Refreshing native plugins compatible for Editor in 0.37 ms, found 2 plugins.
Preloading 0 native plugins for Editor in 0.00 ms.
Unloading 1388 Unused Serialized files (Serialized files now loaded: 0)
System memory in use before: 68.6 MB.
System memory in use after: 68.7 MB.

Unloading 14 unused Assets to reduce memory usage. Loaded Objects now: 1933.
Total: 4.761900 ms (FindLiveObjects: 0.189000 ms CreateObjectMapping: 0.176500 ms MarkObjects: 4.327200 ms  DeleteObjects: 0.067600 ms)

========================================================================
Received Prepare
Registering precompiled user dll's ...
Registered in 0.007451 seconds.
Begin MonoManager ReloadAssembly
Native extension for WindowsStandalone target not found
Refreshing native plugins compatible for Editor in 0.39 ms, found 2 plugins.
Preloading 0 native plugins for Editor in 0.00 ms.
Mono: successfully reloaded assembly
- Completed reload, in  1.274 seconds
Platform modules already initialized, skipping
Refreshing native plugins compatible for Editor in 0.48 ms, found 2 plugins.
Preloading 0 native plugins for Editor in 0.00 ms.
Unloading 1388 Unused Serialized files (Serialized files now loaded: 0)
System memory in use before: 68.6 MB.
System memory in use after: 68.7 MB.

Unloading 14 unused Assets to reduce memory usage. Loaded Objects now: 1936.
Total: 2.331600 ms (FindLiveObjects: 0.168500 ms CreateObjectMapping: 0.047600 ms MarkObjects: 2.026300 ms  DeleteObjects: 0.087800 ms)

========================================================================
Received Prepare
Registering precompiled user dll's ...
Registered in 0.004622 seconds.
Begin MonoManager ReloadAssembly
Native extension for WindowsStandalone target not found
Refreshing native plugins compatible for Editor in 0.32 ms, found 2 plugins.
Preloading 0 native plugins for Editor in 0.00 ms.
Mono: successfully reloaded assembly
- Completed reload, in  1.065 seconds
Platform modules already initialized, skipping
Refreshing native plugins compatible for Editor in 0.30 ms, found 2 plugins.
Preloading 0 native plugins for Editor in 0.00 ms.
Unloading 1388 Unused Serialized files (Serialized files now loaded: 0)
System memory in use before: 68.6 MB.
System memory in use after: 68.7 MB.

Unloading 14 unused Assets to reduce memory usage. Loaded Objects now: 1939.
Total: 1.916000 ms (FindLiveObjects: 0.161200 ms CreateObjectMapping: 0.051300 ms MarkObjects: 1.641400 ms  DeleteObjects: 0.061300 ms)

========================================================================
Received Prepare
Registering precompiled user dll's ...
Registered in 0.005073 seconds.
Begin MonoManager ReloadAssembly
Native extension for WindowsStandalone target not found
Refreshing native plugins compatible for Editor in 0.30 ms, found 2 plugins.
Preloading 0 native plugins for Editor in 0.00 ms.
Mono: successfully reloaded assembly
- Completed reload, in  1.103 seconds
Platform modules already initialized, skipping
Refreshing native plugins compatible for Editor in 0.34 ms, found 2 plugins.
Preloading 0 native plugins for Editor in 0.00 ms.
Unloading 1388 Unused Serialized files (Serialized files now loaded: 0)
System memory in use before: 68.6 MB.
System memory in use after: 68.7 MB.

Unloading 14 unused Assets to reduce memory usage. Loaded Objects now: 1942.
Total: 2.053200 ms (FindLiveObjects: 0.137900 ms CreateObjectMapping: 0.071000 ms MarkObjects: 1.756900 ms  DeleteObjects: 0.086500 ms)

========================================================================
Received Prepare
Registering precompiled user dll's ...
Registered in 0.004559 seconds.
Begin MonoManager ReloadAssembly
Native extension for WindowsStandalone target not found
Refreshing native plugins compatible for Editor in 0.29 ms, found 2 plugins.
Preloading 0 native plugins for Editor in 0.00 ms.
Mono: successfully reloaded assembly
- Completed reload, in  1.071 seconds
Platform modules already initialized, skipping
Refreshing native plugins compatible for Editor in 0.32 ms, found 2 plugins.
Preloading 0 native plugins for Editor in 0.00 ms.
Unloading 1388 Unused Serialized files (Serialized files now loaded: 0)
System memory in use before: 68.6 MB.
System memory in use after: 68.7 MB.

Unloading 14 unused Assets to reduce memory usage. Loaded Objects now: 1945.
Total: 1.970600 ms (FindLiveObjects: 0.170400 ms CreateObjectMapping: 0.047000 ms MarkObjects: 1.671400 ms  DeleteObjects: 0.080700 ms)

========================================================================
Received Prepare
Registering precompiled user dll's ...
Registered in 0.004950 seconds.
Begin MonoManager ReloadAssembly
Native extension for WindowsStandalone target not found
Refreshing native plugins compatible for Editor in 0.33 ms, found 2 plugins.
Preloading 0 native plugins for Editor in 0.00 ms.
Mono: successfully reloaded assembly
- Completed reload, in  1.063 seconds
Platform modules already initialized, skipping
Refreshing native plugins compatible for Editor in 0.29 ms, found 2 plugins.
Preloading 0 native plugins for Editor in 0.00 ms.
Unloading 1388 Unused Serialized files (Serialized files now loaded: 0)
System memory in use before: 68.6 MB.
System memory in use after: 68.7 MB.

Unloading 14 unused Assets to reduce memory usage. Loaded Objects now: 1948.
Total: 2.126200 ms (FindLiveObjects: 0.145200 ms CreateObjectMapping: 0.046200 ms MarkObjects: 1.815200 ms  DeleteObjects: 0.118700 ms)

========================================================================
Received Prepare
Registering precompiled user dll's ...
Registered in 0.004623 seconds.
Begin MonoManager ReloadAssembly
Native extension for WindowsStandalone target not found
Refreshing native plugins compatible for Editor in 0.37 ms, found 2 plugins.
Preloading 0 native plugins for Editor in 0.00 ms.
Mono: successfully reloaded assembly
- Completed reload, in  1.060 seconds
Platform modules already initialized, skipping
Refreshing native plugins compatible for Editor in 0.29 ms, found 2 plugins.
Preloading 0 native plugins for Editor in 0.00 ms.
Unloading 1388 Unused Serialized files (Serialized files now loaded: 0)
System memory in use before: 68.6 MB.
System memory in use after: 68.7 MB.

Unloading 14 unused Assets to reduce memory usage. Loaded Objects now: 1951.
Total: 2.263200 ms (FindLiveObjects: 0.147100 ms CreateObjectMapping: 0.045300 ms MarkObjects: 1.971200 ms  DeleteObjects: 0.098500 ms)

========================================================================
Received Prepare
Registering precompiled user dll's ...
Registered in 0.004819 seconds.
Begin MonoManager ReloadAssembly
Native extension for WindowsStandalone target not found
Refreshing native plugins compatible for Editor in 0.30 ms, found 2 plugins.
Preloading 0 native plugins for Editor in 0.00 ms.
Mono: successfully reloaded assembly
- Completed reload, in  1.060 seconds
Platform modules already initialized, skipping
Refreshing native plugins compatible for Editor in 0.33 ms, found 2 plugins.
Preloading 0 native plugins for Editor in 0.00 ms.
Unloading 1388 Unused Serialized files (Serialized files now loaded: 0)
System memory in use before: 68.6 MB.
System memory in use after: 68.7 MB.

Unloading 14 unused Assets to reduce memory usage. Loaded Objects now: 1954.
Total: 2.302500 ms (FindLiveObjects: 0.179400 ms CreateObjectMapping: 0.049600 ms MarkObjects: 1.986000 ms  DeleteObjects: 0.086600 ms)

========================================================================
Received Prepare
Registering precompiled user dll's ...
Registered in 0.004838 seconds.
Begin MonoManager ReloadAssembly
Native extension for WindowsStandalone target not found
Refreshing native plugins compatible for Editor in 0.31 ms, found 2 plugins.
Preloading 0 native plugins for Editor in 0.00 ms.
Mono: successfully reloaded assembly
- Completed reload, in  1.122 seconds
Platform modules already initialized, skipping
Refreshing native plugins compatible for Editor in 0.35 ms, found 2 plugins.
Preloading 0 native plugins for Editor in 0.00 ms.
Unloading 1388 Unused Serialized files (Serialized files now loaded: 0)
System memory in use before: 68.6 MB.
System memory in use after: 68.7 MB.

Unloading 14 unused Assets to reduce memory usage. Loaded Objects now: 1957.
Total: 3.173700 ms (FindLiveObjects: 0.146800 ms CreateObjectMapping: 0.045600 ms MarkObjects: 2.859500 ms  DeleteObjects: 0.120300 ms)

========================================================================
Received Prepare
Registering precompiled user dll's ...
Registered in 0.005132 seconds.
Begin MonoManager ReloadAssembly
Native extension for WindowsStandalone target not found
Refreshing native plugins compatible for Editor in 0.31 ms, found 2 plugins.
Preloading 0 native plugins for Editor in 0.00 ms.
Mono: successfully reloaded assembly
- Completed reload, in  1.092 seconds
Platform modules already initialized, skipping
Refreshing native plugins compatible for Editor in 0.30 ms, found 2 plugins.
Preloading 0 native plugins for Editor in 0.00 ms.
Unloading 1388 Unused Serialized files (Serialized files now loaded: 0)
System memory in use before: 68.6 MB.
System memory in use after: 68.7 MB.

Unloading 14 unused Assets to reduce memory usage. Loaded Objects now: 1960.
Total: 2.083800 ms (FindLiveObjects: 0.151400 ms CreateObjectMapping: 0.047800 ms MarkObjects: 1.801800 ms  DeleteObjects: 0.081700 ms)

========================================================================
Received Prepare
Registering precompiled user dll's ...
Registered in 0.006119 seconds.
Begin MonoManager ReloadAssembly
Native extension for WindowsStandalone target not found
Refreshing native plugins compatible for Editor in 0.42 ms, found 2 plugins.
Preloading 0 native plugins for Editor in 0.00 ms.
Mono: successfully reloaded assembly
- Completed reload, in  1.259 seconds
Platform modules already initialized, skipping
Refreshing native plugins compatible for Editor in 0.32 ms, found 2 plugins.
Preloading 0 native plugins for Editor in 0.00 ms.
Unloading 1388 Unused Serialized files (Serialized files now loaded: 0)
System memory in use before: 68.6 MB.
System memory in use after: 68.7 MB.

Unloading 14 unused Assets to reduce memory usage. Loaded Objects now: 1963.
Total: 2.254500 ms (FindLiveObjects: 0.187000 ms CreateObjectMapping: 0.058600 ms MarkObjects: 1.950900 ms  DeleteObjects: 0.056800 ms)

========================================================================
Received Prepare
Registering precompiled user dll's ...
Registered in 0.005162 seconds.
Begin MonoManager ReloadAssembly
Native extension for WindowsStandalone target not found
Refreshing native plugins compatible for Editor in 0.30 ms, found 2 plugins.
Preloading 0 native plugins for Editor in 0.00 ms.
Mono: successfully reloaded assembly
- Completed reload, in  1.063 seconds
Platform modules already initialized, skipping
Refreshing native plugins compatible for Editor in 0.29 ms, found 2 plugins.
Preloading 0 native plugins for Editor in 0.00 ms.
Unloading 1388 Unused Serialized files (Serialized files now loaded: 0)
System memory in use before: 68.6 MB.
System memory in use after: 68.7 MB.

Unloading 14 unused Assets to reduce memory usage. Loaded Objects now: 1966.
Total: 1.995200 ms (FindLiveObjects: 0.171200 ms CreateObjectMapping: 0.051600 ms MarkObjects: 1.683100 ms  DeleteObjects: 0.088300 ms)

========================================================================
Received Prepare
Registering precompiled user dll's ...
Registered in 0.004900 seconds.
Begin MonoManager ReloadAssembly
Native extension for WindowsStandalone target not found
Refreshing native plugins compatible for Editor in 0.31 ms, found 2 plugins.
Preloading 0 native plugins for Editor in 0.00 ms.
Mono: successfully reloaded assembly
- Completed reload, in  1.106 seconds
Platform modules already initialized, skipping
Refreshing native plugins compatible for Editor in 0.29 ms, found 2 plugins.
Preloading 0 native plugins for Editor in 0.00 ms.
Unloading 1388 Unused Serialized files (Serialized files now loaded: 0)
System memory in use before: 68.6 MB.
System memory in use after: 68.7 MB.

Unloading 14 unused Assets to reduce memory usage. Loaded Objects now: 1969.
Total: 2.193600 ms (FindLiveObjects: 0.147400 ms CreateObjectMapping: 0.045400 ms MarkObjects: 1.902900 ms  DeleteObjects: 0.096700 ms)

========================================================================
Received Prepare
Registering precompiled user dll's ...
Registered in 0.006100 seconds.
Begin MonoManager ReloadAssembly
Native extension for WindowsStandalone target not found
Refreshing native plugins compatible for Editor in 0.30 ms, found 2 plugins.
Preloading 0 native plugins for Editor in 0.00 ms.
Mono: successfully reloaded assembly
- Completed reload, in  1.073 seconds
Platform modules already initialized, skipping
Refreshing native plugins compatible for Editor in 0.29 ms, found 2 plugins.
Preloading 0 native plugins for Editor in 0.00 ms.
Unloading 1388 Unused Serialized files (Serialized files now loaded: 0)
System memory in use before: 68.7 MB.
System memory in use after: 68.7 MB.

Unloading 14 unused Assets to reduce memory usage. Loaded Objects now: 1972.
Total: 2.068000 ms (FindLiveObjects: 0.142700 ms CreateObjectMapping: 0.042200 ms MarkObjects: 1.787500 ms  DeleteObjects: 0.094600 ms)

========================================================================
Received Prepare
Registering precompiled user dll's ...
Registered in 0.004812 seconds.
Begin MonoManager ReloadAssembly
Native extension for WindowsStandalone target not found
Refreshing native plugins compatible for Editor in 0.42 ms, found 2 plugins.
Preloading 0 native plugins for Editor in 0.00 ms.
Mono: successfully reloaded assembly
- Completed reload, in  1.053 seconds
Platform modules already initialized, skipping
Refreshing native plugins compatible for Editor in 0.29 ms, found 2 plugins.
Preloading 0 native plugins for Editor in 0.00 ms.
Unloading 1388 Unused Serialized files (Serialized files now loaded: 0)
System memory in use before: 68.7 MB.
System memory in use after: 68.7 MB.

Unloading 14 unused Assets to reduce memory usage. Loaded Objects now: 1975.
Total: 2.385400 ms (FindLiveObjects: 0.230200 ms CreateObjectMapping: 0.052900 ms MarkObjects: 2.017300 ms  DeleteObjects: 0.083600 ms)

========================================================================
Received Prepare
Registering precompiled user dll's ...
Registered in 0.005252 seconds.
Begin MonoManager ReloadAssembly
Native extension for WindowsStandalone target not found
Refreshing native plugins compatible for Editor in 0.31 ms, found 2 plugins.
Preloading 0 native plugins for Editor in 0.00 ms.
Mono: successfully reloaded assembly
- Completed reload, in  1.087 seconds
Platform modules already initialized, skipping
Refreshing native plugins compatible for Editor in 0.29 ms, found 2 plugins.
Preloading 0 native plugins for Editor in 0.00 ms.
Unloading 1388 Unused Serialized files (Serialized files now loaded: 0)
System memory in use before: 68.7 MB.
System memory in use after: 68.7 MB.

Unloading 14 unused Assets to reduce memory usage. Loaded Objects now: 1978.
Total: 2.373000 ms (FindLiveObjects: 0.150300 ms CreateObjectMapping: 0.043800 ms MarkObjects: 2.090100 ms  DeleteObjects: 0.087800 ms)

========================================================================
Received Prepare
Registering precompiled user dll's ...
Registered in 0.004544 seconds.
Begin MonoManager ReloadAssembly
Native extension for WindowsStandalone target not found
Refreshing native plugins compatible for Editor in 0.33 ms, found 2 plugins.
Preloading 0 native plugins for Editor in 0.00 ms.
Mono: successfully reloaded assembly
- Completed reload, in  1.046 seconds
Platform modules already initialized, skipping
Refreshing native plugins compatible for Editor in 0.30 ms, found 2 plugins.
Preloading 0 native plugins for Editor in 0.00 ms.
Unloading 1388 Unused Serialized files (Serialized files now loaded: 0)
System memory in use before: 68.7 MB.
System memory in use after: 68.7 MB.

Unloading 14 unused Assets to reduce memory usage. Loaded Objects now: 1981.
Total: 1.851400 ms (FindLiveObjects: 0.163300 ms CreateObjectMapping: 0.050100 ms MarkObjects: 1.585400 ms  DeleteObjects: 0.051700 ms)

========================================================================
Received Prepare
Registering precompiled user dll's ...
Registered in 0.004522 seconds.
Begin MonoManager ReloadAssembly
Native extension for WindowsStandalone target not found
Refreshing native plugins compatible for Editor in 0.29 ms, found 2 plugins.
Preloading 0 native plugins for Editor in 0.00 ms.
Mono: successfully reloaded assembly
- Completed reload, in  1.050 seconds
Platform modules already initialized, skipping
Refreshing native plugins compatible for Editor in 0.28 ms, found 2 plugins.
Preloading 0 native plugins for Editor in 0.00 ms.
Unloading 1388 Unused Serialized files (Serialized files now loaded: 0)
System memory in use before: 68.7 MB.
System memory in use after: 68.8 MB.

Unloading 14 unused Assets to reduce memory usage. Loaded Objects now: 1984.
Total: 1.890600 ms (FindLiveObjects: 0.162900 ms CreateObjectMapping: 0.049700 ms MarkObjects: 1.594900 ms  DeleteObjects: 0.081800 ms)

========================================================================
Received Prepare
Registering precompiled user dll's ...
Registered in 0.009243 seconds.
Begin MonoManager ReloadAssembly
Native extension for WindowsStandalone target not found
Refreshing native plugins compatible for Editor in 0.49 ms, found 2 plugins.
Preloading 0 native plugins for Editor in 0.00 ms.
Mono: successfully reloaded assembly
- Completed reload, in  1.071 seconds
Platform modules already initialized, skipping
Refreshing native plugins compatible for Editor in 0.29 ms, found 2 plugins.
Preloading 0 native plugins for Editor in 0.00 ms.
Unloading 1388 Unused Serialized files (Serialized files now loaded: 0)
System memory in use before: 68.7 MB.
System memory in use after: 68.8 MB.

Unloading 14 unused Assets to reduce memory usage. Loaded Objects now: 1987.
Total: 2.805900 ms (FindLiveObjects: 0.163800 ms CreateObjectMapping: 0.048900 ms MarkObjects: 2.528400 ms  DeleteObjects: 0.063800 ms)

========================================================================
Received Prepare
Registering precompiled user dll's ...
Registered in 0.005588 seconds.
Begin MonoManager ReloadAssembly
Native extension for WindowsStandalone target not found
Refreshing native plugins compatible for Editor in 0.37 ms, found 2 plugins.
Preloading 0 native plugins for Editor in 0.00 ms.
Mono: successfully reloaded assembly
- Completed reload, in  1.090 seconds
Platform modules already initialized, skipping
Refreshing native plugins compatible for Editor in 0.52 ms, found 2 plugins.
Preloading 0 native plugins for Editor in 0.00 ms.
Unloading 1388 Unused Serialized files (Serialized files now loaded: 0)
System memory in use before: 68.7 MB.
System memory in use after: 68.8 MB.

Unloading 14 unused Assets to reduce memory usage. Loaded Objects now: 1990.
Total: 2.458000 ms (FindLiveObjects: 0.142600 ms CreateObjectMapping: 0.042200 ms MarkObjects: 2.179000 ms  DeleteObjects: 0.093300 ms)

========================================================================
Received Prepare
Registering precompiled user dll's ...
Registered in 0.005049 seconds.
Begin MonoManager ReloadAssembly
Native extension for WindowsStandalone target not found
Refreshing native plugins compatible for Editor in 0.30 ms, found 2 plugins.
Preloading 0 native plugins for Editor in 0.00 ms.
Mono: successfully reloaded assembly
- Completed reload, in  1.084 seconds
Platform modules already initialized, skipping
Refreshing native plugins compatible for Editor in 0.36 ms, found 2 plugins.
Preloading 0 native plugins for Editor in 0.00 ms.
Unloading 1388 Unused Serialized files (Serialized files now loaded: 0)
System memory in use before: 68.7 MB.
System memory in use after: 68.8 MB.

Unloading 14 unused Assets to reduce memory usage. Loaded Objects now: 1993.
Total: 1.934000 ms (FindLiveObjects: 0.148900 ms CreateObjectMapping: 0.043000 ms MarkObjects: 1.645100 ms  DeleteObjects: 0.095900 ms)

========================================================================
Received Prepare
Registering precompiled user dll's ...
Registered in 0.004731 seconds.
Begin MonoManager ReloadAssembly
Native extension for WindowsStandalone target not found
Refreshing native plugins compatible for Editor in 0.33 ms, found 2 plugins.
Preloading 0 native plugins for Editor in 0.00 ms.
Mono: successfully reloaded assembly
- Completed reload, in  1.098 seconds
Platform modules already initialized, skipping
Refreshing native plugins compatible for Editor in 0.29 ms, found 2 plugins.
Preloading 0 native plugins for Editor in 0.00 ms.
Unloading 1388 Unused Serialized files (Serialized files now loaded: 0)
System memory in use before: 68.7 MB.
System memory in use after: 68.8 MB.

Unloading 14 unused Assets to reduce memory usage. Loaded Objects now: 1996.
Total: 2.529300 ms (FindLiveObjects: 0.223900 ms CreateObjectMapping: 0.047000 ms MarkObjects: 2.172400 ms  DeleteObjects: 0.085200 ms)

========================================================================
Received Import Request.
  Time since last request: 3755.984850 seconds.
  path: Assets/Scripts/Services/ActiveCharacterService.cs
  artifactKey: Guid(213d8d8c9b1765240806b92aec23802d) Importer(815301076,1909f56bfc062723c751e8b465ee728b)
Start importing Assets/Scripts/Services/ActiveCharacterService.cs using Guid(213d8d8c9b1765240806b92aec23802d) Importer(815301076,1909f56bfc062723c751e8b465ee728b)  -> (artifact id: '9d67b68d6b6db687c39b43ea755b90a5') in 0.026529 seconds
  Import took 0.029468 seconds .

========================================================================
Received Prepare
Registering precompiled user dll's ...
Registered in 0.006235 seconds.
Begin MonoManager ReloadAssembly
Native extension for WindowsStandalone target not found
Refreshing native plugins compatible for Editor in 1.95 ms, found 2 plugins.
Preloading 0 native plugins for Editor in 0.00 ms.
Mono: successfully reloaded assembly
- Completed reload, in  1.070 seconds
Platform modules already initialized, skipping
Refreshing native plugins compatible for Editor in 0.29 ms, found 2 plugins.
Preloading 0 native plugins for Editor in 0.00 ms.
Unloading 1389 Unused Serialized files (Serialized files now loaded: 0)
System memory in use before: 68.7 MB.
System memory in use after: 68.8 MB.

Unloading 14 unused Assets to reduce memory usage. Loaded Objects now: 2000.
Total: 2.602900 ms (FindLiveObjects: 0.174700 ms CreateObjectMapping: 0.050700 ms MarkObjects: 2.318400 ms  DeleteObjects: 0.058000 ms)

========================================================================
Received Import Request.
  Time since last request: 479.734381 seconds.
  path: Assets/Scripts/Services/ActiveCharacterService.cs
  artifactKey: Guid(213d8d8c9b1765240806b92aec23802d) Importer(815301076,1909f56bfc062723c751e8b465ee728b)
Start importing Assets/Scripts/Services/ActiveCharacterService.cs using Guid(213d8d8c9b1765240806b92aec23802d) Importer(815301076,1909f56bfc062723c751e8b465ee728b)  -> (artifact id: '13188136565164e16cb5d8b360a51e88') in 0.008197 seconds
  Import took 0.011044 seconds .

========================================================================
Received Import Request.
  Time since last request: 4.184569 seconds.
  path: Assets/Scripts/GameState.cs
  artifactKey: Guid(e07300f45b2389243b652dc715be6f77) Importer(815301076,1909f56bfc062723c751e8b465ee728b)
Start importing Assets/Scripts/GameState.cs using Guid(e07300f45b2389243b652dc715be6f77) Importer(815301076,1909f56bfc062723c751e8b465ee728b)  -> (artifact id: '42746fd7e898665f0b1dca3d2fb84887') in 0.014943 seconds
  Import took 0.017379 seconds .

========================================================================
Received Prepare
Registering precompiled user dll's ...
Registered in 0.009412 seconds.
Begin MonoManager ReloadAssembly
Native extension for WindowsStandalone target not found
Refreshing native plugins compatible for Editor in 0.29 ms, found 2 plugins.
Preloading 0 native plugins for Editor in 0.00 ms.
Mono: successfully reloaded assembly
- Completed reload, in  1.057 seconds
Platform modules already initialized, skipping
Refreshing native plugins compatible for Editor in 0.39 ms, found 2 plugins.
Preloading 0 native plugins for Editor in 0.00 ms.
Unloading 1388 Unused Serialized files (Serialized files now loaded: 0)
System memory in use before: 68.7 MB.
System memory in use after: 68.8 MB.

Unloading 15 unused Assets to reduce memory usage. Loaded Objects now: 2002.
Total: 3.740900 ms (FindLiveObjects: 0.785100 ms CreateObjectMapping: 0.213600 ms MarkObjects: 2.643000 ms  DeleteObjects: 0.097800 ms)

========================================================================
Received Prepare
Registering precompiled user dll's ...
Registered in 0.004953 seconds.
Begin MonoManager ReloadAssembly
Native extension for WindowsStandalone target not found
Refreshing native plugins compatible for Editor in 0.30 ms, found 2 plugins.
Preloading 0 native plugins for Editor in 0.00 ms.
Mono: successfully reloaded assembly
- Completed reload, in  1.111 seconds
Platform modules already initialized, skipping
Refreshing native plugins compatible for Editor in 0.29 ms, found 2 plugins.
Preloading 0 native plugins for Editor in 0.00 ms.
Unloading 1388 Unused Serialized files (Serialized files now loaded: 0)
System memory in use before: 68.7 MB.
System memory in use after: 68.8 MB.

Unloading 14 unused Assets to reduce memory usage. Loaded Objects now: 2005.
Total: 2.103500 ms (FindLiveObjects: 0.156500 ms CreateObjectMapping: 0.045800 ms MarkObjects: 1.790000 ms  DeleteObjects: 0.110000 ms)

========================================================================
Received Prepare
Registering precompiled user dll's ...
Registered in 0.004534 seconds.
Begin MonoManager ReloadAssembly
Native extension for WindowsStandalone target not found
Refreshing native plugins compatible for Editor in 0.35 ms, found 2 plugins.
Preloading 0 native plugins for Editor in 0.00 ms.
Mono: successfully reloaded assembly
- Completed reload, in  1.028 seconds
Platform modules already initialized, skipping
Refreshing native plugins compatible for Editor in 0.28 ms, found 2 plugins.
Preloading 0 native plugins for Editor in 0.00 ms.
Unloading 1388 Unused Serialized files (Serialized files now loaded: 0)
System memory in use before: 68.7 MB.
System memory in use after: 68.8 MB.

Unloading 14 unused Assets to reduce memory usage. Loaded Objects now: 2008.
Total: 2.869400 ms (FindLiveObjects: 0.198200 ms CreateObjectMapping: 0.059600 ms MarkObjects: 2.515600 ms  DeleteObjects: 0.094600 ms)

========================================================================
Received Prepare
Registering precompiled user dll's ...
Registered in 0.004700 seconds.
Begin MonoManager ReloadAssembly
Native extension for WindowsStandalone target not found
Refreshing native plugins compatible for Editor in 0.33 ms, found 2 plugins.
Preloading 0 native plugins for Editor in 0.00 ms.
Mono: successfully reloaded assembly
- Completed reload, in  1.041 seconds
Platform modules already initialized, skipping
Refreshing native plugins compatible for Editor in 0.28 ms, found 2 plugins.
Preloading 0 native plugins for Editor in 0.00 ms.
Unloading 1388 Unused Serialized files (Serialized files now loaded: 0)
System memory in use before: 68.7 MB.
System memory in use after: 68.8 MB.

Unloading 14 unused Assets to reduce memory usage. Loaded Objects now: 2011.
Total: 2.185500 ms (FindLiveObjects: 0.158300 ms CreateObjectMapping: 0.047700 ms MarkObjects: 1.881500 ms  DeleteObjects: 0.096900 ms)

========================================================================
Received Prepare
Registering precompiled user dll's ...
Registered in 0.004980 seconds.
Begin MonoManager ReloadAssembly
Native extension for WindowsStandalone target not found
Refreshing native plugins compatible for Editor in 0.29 ms, found 2 plugins.
Preloading 0 native plugins for Editor in 0.00 ms.
Mono: successfully reloaded assembly
- Completed reload, in  1.070 seconds
Platform modules already initialized, skipping
Refreshing native plugins compatible for Editor in 0.29 ms, found 2 plugins.
Preloading 0 native plugins for Editor in 0.00 ms.
Unloading 1388 Unused Serialized files (Serialized files now loaded: 0)
System memory in use before: 68.7 MB.
System memory in use after: 68.8 MB.

Unloading 14 unused Assets to reduce memory usage. Loaded Objects now: 2014.
Total: 1.884600 ms (FindLiveObjects: 0.152500 ms CreateObjectMapping: 0.044900 ms MarkObjects: 1.606600 ms  DeleteObjects: 0.079700 ms)

========================================================================
Received Prepare
Registering precompiled user dll's ...
Registered in 0.009633 seconds.
Begin MonoManager ReloadAssembly
Native extension for WindowsStandalone target not found
Refreshing native plugins compatible for Editor in 0.30 ms, found 2 plugins.
Preloading 0 native plugins for Editor in 0.00 ms.
Mono: successfully reloaded assembly
- Completed reload, in  1.059 seconds
Platform modules already initialized, skipping
Refreshing native plugins compatible for Editor in 0.28 ms, found 2 plugins.
Preloading 0 native plugins for Editor in 0.00 ms.
Unloading 1388 Unused Serialized files (Serialized files now loaded: 0)
System memory in use before: 68.7 MB.
System memory in use after: 68.8 MB.

Unloading 14 unused Assets to reduce memory usage. Loaded Objects now: 2017.
Total: 1.925400 ms (FindLiveObjects: 0.155800 ms CreateObjectMapping: 0.048800 ms MarkObjects: 1.627700 ms  DeleteObjects: 0.092100 ms)

========================================================================
Received Prepare
Registering precompiled user dll's ...
Registered in 0.004850 seconds.
Begin MonoManager ReloadAssembly
Native extension for WindowsStandalone target not found
Refreshing native plugins compatible for Editor in 0.29 ms, found 2 plugins.
Preloading 0 native plugins for Editor in 0.00 ms.
Mono: successfully reloaded assembly
- Completed reload, in  1.097 seconds
Platform modules already initialized, skipping
Refreshing native plugins compatible for Editor in 0.29 ms, found 2 plugins.
Preloading 0 native plugins for Editor in 0.00 ms.
Unloading 1388 Unused Serialized files (Serialized files now loaded: 0)
System memory in use before: 68.7 MB.
System memory in use after: 68.8 MB.

Unloading 14 unused Assets to reduce memory usage. Loaded Objects now: 2020.
Total: 2.193200 ms (FindLiveObjects: 0.146600 ms CreateObjectMapping: 0.042300 ms MarkObjects: 1.907000 ms  DeleteObjects: 0.096100 ms)

========================================================================
Received Prepare
Registering precompiled user dll's ...
Registered in 0.004825 seconds.
Begin MonoManager ReloadAssembly
Native extension for WindowsStandalone target not found
Refreshing native plugins compatible for Editor in 0.30 ms, found 2 plugins.
Preloading 0 native plugins for Editor in 0.00 ms.
Mono: successfully reloaded assembly
- Completed reload, in  1.067 seconds
Platform modules already initialized, skipping
Refreshing native plugins compatible for Editor in 0.35 ms, found 2 plugins.
Preloading 0 native plugins for Editor in 0.00 ms.
Unloading 1388 Unused Serialized files (Serialized files now loaded: 0)
System memory in use before: 68.7 MB.
System memory in use after: 68.8 MB.

Unloading 14 unused Assets to reduce memory usage. Loaded Objects now: 2023.
Total: 2.267000 ms (FindLiveObjects: 0.197800 ms CreateObjectMapping: 0.100200 ms MarkObjects: 1.888400 ms  DeleteObjects: 0.064700 ms)

========================================================================
Received Prepare
Registering precompiled user dll's ...
Registered in 0.007270 seconds.
Begin MonoManager ReloadAssembly
Native extension for WindowsStandalone target not found
Refreshing native plugins compatible for Editor in 0.34 ms, found 2 plugins.
Preloading 0 native plugins for Editor in 0.00 ms.
Mono: successfully reloaded assembly
- Completed reload, in  1.218 seconds
Platform modules already initialized, skipping
Refreshing native plugins compatible for Editor in 0.39 ms, found 2 plugins.
Preloading 0 native plugins for Editor in 0.00 ms.
Unloading 1388 Unused Serialized files (Serialized files now loaded: 0)
System memory in use before: 68.7 MB.
System memory in use after: 68.8 MB.

Unloading 14 unused Assets to reduce memory usage. Loaded Objects now: 2026.
Total: 2.454300 ms (FindLiveObjects: 0.205300 ms CreateObjectMapping: 0.051500 ms MarkObjects: 2.109600 ms  DeleteObjects: 0.084800 ms)

========================================================================
Received Prepare
Registering precompiled user dll's ...
Registered in 0.005129 seconds.
Begin MonoManager ReloadAssembly
Native extension for WindowsStandalone target not found
Refreshing native plugins compatible for Editor in 0.53 ms, found 2 plugins.
Preloading 0 native plugins for Editor in 0.00 ms.
Mono: successfully reloaded assembly
- Completed reload, in  1.029 seconds
Platform modules already initialized, skipping
Refreshing native plugins compatible for Editor in 0.30 ms, found 2 plugins.
Preloading 0 native plugins for Editor in 0.00 ms.
Unloading 1388 Unused Serialized files (Serialized files now loaded: 0)
System memory in use before: 68.8 MB.
System memory in use after: 68.8 MB.

Unloading 14 unused Assets to reduce memory usage. Loaded Objects now: 2029.
Total: 2.448000 ms (FindLiveObjects: 0.163100 ms CreateObjectMapping: 0.054700 ms MarkObjects: 2.170700 ms  DeleteObjects: 0.058400 ms)

AssetImportWorkerClient::OnTransportError - code=2 error=End of file
