Using pre-set license
Built from '2020.3/staging' branch; Version is '2020.3.11f1 (99c7afb366b3) revision 10078127'; Using compiler version '192528614'; Build Type 'Release'
OS: 'Windows 10 Pro; OS build 19042.1083; Version 2009; 64bit' Language: 'hu' Physical Memory: 16330 MB
BatchMode: 1, IsHumanControllingUs: 0, StartBugReporterOnCrash: 0, Is64bit: 1, IsPro: 0

 COMMAND LINE ARGUMENTS:
C:\Program Files\Unity\Hub\Editor\2020.3.11f1\Editor\Unity.exe
-adb2
-batchMode
-noUpm
-name
AssetImportWorker0
-projectPath
C:/Users/santa/dev/GenerationChange
-logFile
Logs/AssetImportWorker0.log
-srvPort
53033
Successfully changed project path to: C:/Users/santa/dev/GenerationChange
C:/Users/santa/dev/GenerationChange
Using Asset Import Pipeline V2.
Refreshing native plugins compatible for Editor in 45.63 ms, found 2 plugins.
Preloading 0 native plugins for Editor in 0.00 ms.
Initialize engine version: 2020.3.11f1 (99c7afb366b3)
[Subsystems] Discovering subsystems at path C:/Program Files/Unity/Hub/Editor/2020.3.11f1/Editor/Data/Resources/UnitySubsystems
[Subsystems] Discovering subsystems at path C:/Users/santa/dev/GenerationChange/Assets
GfxDevice: creating device client; threaded=0
Direct3D:
    Version:  Direct3D 11.0 [level 11.1]
    Renderer: Radeon(TM) RX 460 Graphics (ID=0x67ef)
    Vendor:   
    VRAM:     2027 MB
    Driver:   27.20.1034.6
Initialize mono
Mono path[0] = 'C:/Program Files/Unity/Hub/Editor/2020.3.11f1/Editor/Data/Managed'
Mono path[1] = 'C:/Program Files/Unity/Hub/Editor/2020.3.11f1/Editor/Data/MonoBleedingEdge/lib/mono/unityjit'
Mono config path = 'C:/Program Files/Unity/Hub/Editor/2020.3.11f1/Editor/Data/MonoBleedingEdge/etc'
Using monoOptions --debugger-agent=transport=dt_socket,embedding=1,server=y,suspend=n,address=127.0.0.1:56468
Begin MonoManager ReloadAssembly
Registering precompiled unity dll's ...
Register platform support module: C:/Program Files/Unity/Hub/Editor/2020.3.11f1/Editor/Data/PlaybackEngines/WindowsStandaloneSupport/UnityEditor.WindowsStandalone.Extensions.dll
Registered in 0.002846 seconds.
Native extension for WindowsStandalone target not found
Refreshing native plugins compatible for Editor in 35.33 ms, found 2 plugins.
Preloading 0 native plugins for Editor in 0.00 ms.
Mono: successfully reloaded assembly
- Completed reload, in  1.635 seconds
Platform modules already initialized, skipping
Registering precompiled user dll's ...
Registered in 0.006063 seconds.
Begin MonoManager ReloadAssembly
Native extension for WindowsStandalone target not found
Refreshing native plugins compatible for Editor in 0.39 ms, found 2 plugins.
Preloading 0 native plugins for Editor in 0.00 ms.
Mono: successfully reloaded assembly
- Completed reload, in  1.418 seconds
Platform modules already initialized, skipping
========================================================================
Worker process is ready to serve import requests
Launched and connected shader compiler UnityShaderCompiler.exe after 0.06 seconds
Refreshing native plugins compatible for Editor in 0.29 ms, found 2 plugins.
Preloading 0 native plugins for Editor in 0.00 ms.
Unloading 1393 Unused Serialized files (Serialized files now loaded: 0)
System memory in use before: 65.0 MB.
System memory in use after: 65.0 MB.

Unloading 19 unused Assets to reduce memory usage. Loaded Objects now: 1826.
Total: 2.039200 ms (FindLiveObjects: 0.140400 ms CreateObjectMapping: 0.046500 ms MarkObjects: 1.528100 ms  DeleteObjects: 0.323500 ms)

========================================================================
Received Import Request.
  path: Assets/Scripts/Models
  artifactKey: Guid(9b154bfb5ae07fa4d846245a3349f32d) Importer(815301076,1909f56bfc062723c751e8b465ee728b)
Start importing Assets/Scripts/Models using Guid(9b154bfb5ae07fa4d846245a3349f32d) Importer(815301076,1909f56bfc062723c751e8b465ee728b)  -> (artifact id: '172ac5b5fcbff479dcd19ef361a10c17') in 0.009049 seconds
  Import took 0.012444 seconds .

========================================================================
Received Import Request.
  Time since last request: 8.972494 seconds.
  path: Assets/Scripts/Models/DroneMovement.cs
  artifactKey: Guid(b315e1e68c4ba194cb2ebf0669fd42f6) Importer(815301076,1909f56bfc062723c751e8b465ee728b)
Start importing Assets/Scripts/Models/DroneMovement.cs using Guid(b315e1e68c4ba194cb2ebf0669fd42f6) Importer(815301076,1909f56bfc062723c751e8b465ee728b)  -> (artifact id: '1b16a9c299751a205e61dfbd335714e0') in 0.094305 seconds
  Import took 0.098683 seconds .

========================================================================
Received Prepare
Registering precompiled user dll's ...
Registered in 0.004747 seconds.
Begin MonoManager ReloadAssembly
Native extension for WindowsStandalone target not found
Refreshing native plugins compatible for Editor in 0.29 ms, found 2 plugins.
Preloading 0 native plugins for Editor in 0.00 ms.
Mono: successfully reloaded assembly
- Completed reload, in  1.013 seconds
Platform modules already initialized, skipping
Refreshing native plugins compatible for Editor in 0.30 ms, found 2 plugins.
Preloading 0 native plugins for Editor in 0.00 ms.
Unloading 1389 Unused Serialized files (Serialized files now loaded: 0)
System memory in use before: 64.9 MB.
System memory in use after: 65.0 MB.

Unloading 14 unused Assets to reduce memory usage. Loaded Objects now: 1830.
Total: 1.860100 ms (FindLiveObjects: 0.151000 ms CreateObjectMapping: 0.048200 ms MarkObjects: 1.603900 ms  DeleteObjects: 0.056000 ms)

========================================================================
Received Import Request.
  Time since last request: 560.988247 seconds.
  path: Assets/Scripts/Models/DroneMovement.cs
  artifactKey: Guid(b315e1e68c4ba194cb2ebf0669fd42f6) Importer(815301076,1909f56bfc062723c751e8b465ee728b)
Start importing Assets/Scripts/Models/DroneMovement.cs using Guid(b315e1e68c4ba194cb2ebf0669fd42f6) Importer(815301076,1909f56bfc062723c751e8b465ee728b)  -> (artifact id: 'e2171fb40f59dc6beb3b94d123129505') in 0.007701 seconds
  Import took 0.009883 seconds .

========================================================================
Received Prepare
Registering precompiled user dll's ...
Registered in 0.005529 seconds.
Begin MonoManager ReloadAssembly
Native extension for WindowsStandalone target not found
Refreshing native plugins compatible for Editor in 0.34 ms, found 2 plugins.
Preloading 0 native plugins for Editor in 0.00 ms.
Mono: successfully reloaded assembly
- Completed reload, in  0.998 seconds
Platform modules already initialized, skipping
Refreshing native plugins compatible for Editor in 0.30 ms, found 2 plugins.
Preloading 0 native plugins for Editor in 0.00 ms.
Unloading 1389 Unused Serialized files (Serialized files now loaded: 0)
System memory in use before: 65.0 MB.
System memory in use after: 65.0 MB.

Unloading 14 unused Assets to reduce memory usage. Loaded Objects now: 1833.
Total: 2.051100 ms (FindLiveObjects: 0.123700 ms CreateObjectMapping: 0.040700 ms MarkObjects: 1.780300 ms  DeleteObjects: 0.105600 ms)

========================================================================
Received Import Request.
  Time since last request: 25.173170 seconds.
  path: Assets/Scripts/Models/DroneMovement.cs
  artifactKey: Guid(b315e1e68c4ba194cb2ebf0669fd42f6) Importer(815301076,1909f56bfc062723c751e8b465ee728b)
Start importing Assets/Scripts/Models/DroneMovement.cs using Guid(b315e1e68c4ba194cb2ebf0669fd42f6) Importer(815301076,1909f56bfc062723c751e8b465ee728b)  -> (artifact id: '65bc542a3bdc9f48adae17b390473507') in 0.007699 seconds
  Import took 0.009837 seconds .

========================================================================
Received Prepare
Registering precompiled user dll's ...
Registered in 0.006889 seconds.
Begin MonoManager ReloadAssembly
Native extension for WindowsStandalone target not found
Refreshing native plugins compatible for Editor in 0.35 ms, found 2 plugins.
Preloading 0 native plugins for Editor in 0.00 ms.
Mono: successfully reloaded assembly
- Completed reload, in  1.034 seconds
Platform modules already initialized, skipping
Refreshing native plugins compatible for Editor in 0.47 ms, found 2 plugins.
Preloading 0 native plugins for Editor in 0.00 ms.
Unloading 1389 Unused Serialized files (Serialized files now loaded: 0)
System memory in use before: 65.0 MB.
System memory in use after: 65.0 MB.

Unloading 14 unused Assets to reduce memory usage. Loaded Objects now: 1836.
Total: 2.791200 ms (FindLiveObjects: 0.135600 ms CreateObjectMapping: 0.042200 ms MarkObjects: 2.518100 ms  DeleteObjects: 0.094300 ms)

========================================================================
Received Import Request.
  Time since last request: 476.834838 seconds.
  path: Assets/Scripts/Models/DroneMovement.cs
  artifactKey: Guid(b315e1e68c4ba194cb2ebf0669fd42f6) Importer(815301076,1909f56bfc062723c751e8b465ee728b)
Start importing Assets/Scripts/Models/DroneMovement.cs using Guid(b315e1e68c4ba194cb2ebf0669fd42f6) Importer(815301076,1909f56bfc062723c751e8b465ee728b)  -> (artifact id: '650d77d6e88d56904e853339de1cb968') in 0.007569 seconds
  Import took 0.009926 seconds .

========================================================================
Received Prepare
Registering precompiled user dll's ...
Registered in 0.005957 seconds.
Begin MonoManager ReloadAssembly
Native extension for WindowsStandalone target not found
Refreshing native plugins compatible for Editor in 0.32 ms, found 2 plugins.
Preloading 0 native plugins for Editor in 0.00 ms.
Mono: successfully reloaded assembly
- Completed reload, in  1.015 seconds
Platform modules already initialized, skipping
Refreshing native plugins compatible for Editor in 0.29 ms, found 2 plugins.
Preloading 0 native plugins for Editor in 0.00 ms.
Unloading 1389 Unused Serialized files (Serialized files now loaded: 0)
System memory in use before: 65.0 MB.
System memory in use after: 65.1 MB.

Unloading 14 unused Assets to reduce memory usage. Loaded Objects now: 1839.
Total: 2.297800 ms (FindLiveObjects: 0.206800 ms CreateObjectMapping: 0.045700 ms MarkObjects: 1.923300 ms  DeleteObjects: 0.120900 ms)

========================================================================
Received Import Request.
  Time since last request: 74.310087 seconds.
  path: Assets/Scripts/Models/DroneMovement.cs
  artifactKey: Guid(b315e1e68c4ba194cb2ebf0669fd42f6) Importer(815301076,1909f56bfc062723c751e8b465ee728b)
Start importing Assets/Scripts/Models/DroneMovement.cs using Guid(b315e1e68c4ba194cb2ebf0669fd42f6) Importer(815301076,1909f56bfc062723c751e8b465ee728b)  -> (artifact id: 'c3b6bee494a55a76e9ce99346c9a2b20') in 0.007595 seconds
  Import took 0.009723 seconds .

========================================================================
Received Prepare
Registering precompiled user dll's ...
Registered in 0.005877 seconds.
Begin MonoManager ReloadAssembly
Native extension for WindowsStandalone target not found
Refreshing native plugins compatible for Editor in 0.32 ms, found 2 plugins.
Preloading 0 native plugins for Editor in 0.00 ms.
Mono: successfully reloaded assembly
- Completed reload, in  1.015 seconds
Platform modules already initialized, skipping
Refreshing native plugins compatible for Editor in 0.28 ms, found 2 plugins.
Preloading 0 native plugins for Editor in 0.00 ms.
Unloading 1389 Unused Serialized files (Serialized files now loaded: 0)
System memory in use before: 65.0 MB.
System memory in use after: 65.1 MB.

Unloading 14 unused Assets to reduce memory usage. Loaded Objects now: 1842.
Total: 2.077600 ms (FindLiveObjects: 0.152200 ms CreateObjectMapping: 0.058100 ms MarkObjects: 1.768600 ms  DeleteObjects: 0.097700 ms)

